{"/home/alfiado/www/bootcamp2020/nivel5/gobarber-mobile/src/components/Button/index.tsx": {"path":"/home/alfiado/www/bootcamp2020/nivel5/gobarber-mobile/src/components/Button/index.tsx","statementMap":{"0":{"start":{"line":10,"column":38},"end":{"line":14,"column":1}},"1":{"start":{"line":11,"column":2},"end":{"line":13,"column":14}}},"fnMap":{"0":{"name":"(anonymous_0)","decl":{"start":{"line":10,"column":38},"end":{"line":10,"column":39}},"loc":{"start":{"line":11,"column":2},"end":{"line":13,"column":14}},"line":11}},"branchMap":{},"s":{"0":1,"1":1},"f":{"0":1},"b":{},"_coverageSchema":"1a1c01bbd47fc00a2c39e90264f33305004495a9","hash":"2cbd71310cd0736f40b273a373255a9245a63a8a"}
,"/home/alfiado/www/bootcamp2020/nivel5/gobarber-mobile/src/components/Input/index.tsx": {"path":"/home/alfiado/www/bootcamp2020/nivel5/gobarber-mobile/src/components/Input/index.tsx","statementMap":{"0":{"start":{"line":28,"column":66},"end":{"line":94,"column":1}},"1":{"start":{"line":32,"column":36},"end":{"line":32,"column":51}},"2":{"start":{"line":33,"column":34},"end":{"line":33,"column":49}},"3":{"start":{"line":35,"column":26},"end":{"line":35,"column":43}},"4":{"start":{"line":37,"column":60},"end":{"line":37,"column":74}},"5":{"start":{"line":38,"column":24},"end":{"line":38,"column":76}},"6":{"start":{"line":40,"column":27},"end":{"line":42,"column":8}},"7":{"start":{"line":41,"column":4},"end":{"line":41,"column":23}},"8":{"start":{"line":44,"column":26},"end":{"line":48,"column":8}},"9":{"start":{"line":45,"column":4},"end":{"line":45,"column":24}},"10":{"start":{"line":47,"column":4},"end":{"line":47,"column":47}},"11":{"start":{"line":50,"column":2},"end":{"line":54,"column":6}},"12":{"start":{"line":50,"column":34},"end":{"line":54,"column":3}},"13":{"start":{"line":52,"column":6},"end":{"line":52,"column":38}},"14":{"start":{"line":56,"column":2},"end":{"line":70,"column":33}},"15":{"start":{"line":57,"column":4},"end":{"line":69,"column":7}},"16":{"start":{"line":62,"column":8},"end":{"line":62,"column":44}},"17":{"start":{"line":63,"column":8},"end":{"line":63,"column":64}},"18":{"start":{"line":66,"column":8},"end":{"line":66,"column":41}},"19":{"start":{"line":67,"column":8},"end":{"line":67,"column":40}},"20":{"start":{"line":72,"column":2},"end":{"line":93,"column":4}},"21":{"start":{"line":85,"column":10},"end":{"line":85,"column":46}}},"fnMap":{"0":{"name":"(anonymous_0)","decl":{"start":{"line":28,"column":66},"end":{"line":28,"column":67}},"loc":{"start":{"line":31,"column":5},"end":{"line":94,"column":1}},"line":31},"1":{"name":"(anonymous_1)","decl":{"start":{"line":40,"column":39},"end":{"line":40,"column":40}},"loc":{"start":{"line":40,"column":45},"end":{"line":42,"column":3}},"line":40},"2":{"name":"(anonymous_2)","decl":{"start":{"line":44,"column":38},"end":{"line":44,"column":39}},"loc":{"start":{"line":44,"column":44},"end":{"line":48,"column":3}},"line":44},"3":{"name":"(anonymous_3)","decl":{"start":{"line":50,"column":27},"end":{"line":50,"column":28}},"loc":{"start":{"line":50,"column":34},"end":{"line":54,"column":3}},"line":50},"4":{"name":"(anonymous_4)","decl":{"start":{"line":51,"column":4},"end":{"line":51,"column":5}},"loc":{"start":{"line":51,"column":12},"end":{"line":53,"column":5}},"line":51},"5":{"name":"(anonymous_5)","decl":{"start":{"line":56,"column":12},"end":{"line":56,"column":13}},"loc":{"start":{"line":56,"column":18},"end":{"line":70,"column":3}},"line":56},"6":{"name":"(anonymous_6)","decl":{"start":{"line":61,"column":6},"end":{"line":61,"column":7}},"loc":{"start":{"line":61,"column":40},"end":{"line":64,"column":7}},"line":61},"7":{"name":"(anonymous_7)","decl":{"start":{"line":65,"column":6},"end":{"line":65,"column":7}},"loc":{"start":{"line":65,"column":19},"end":{"line":68,"column":7}},"line":65},"8":{"name":"(anonymous_8)","decl":{"start":{"line":84,"column":22},"end":{"line":84,"column":23}},"loc":{"start":{"line":84,"column":31},"end":{"line":86,"column":9}},"line":84}},"branchMap":{"0":{"loc":{"start":{"line":29,"column":16},"end":{"line":29,"column":35}},"type":"default-arg","locations":[{"start":{"line":29,"column":33},"end":{"line":29,"column":35}}],"line":29},"1":{"loc":{"start":{"line":77,"column":15},"end":{"line":77,"column":60}},"type":"cond-expr","locations":[{"start":{"line":77,"column":39},"end":{"line":77,"column":48}},{"start":{"line":77,"column":51},"end":{"line":77,"column":60}}],"line":77},"2":{"loc":{"start":{"line":77,"column":15},"end":{"line":77,"column":36}},"type":"binary-expr","locations":[{"start":{"line":77,"column":15},"end":{"line":77,"column":24}},{"start":{"line":77,"column":28},"end":{"line":77,"column":36}}],"line":77}},"s":{"0":1,"1":2,"2":2,"3":2,"4":2,"5":2,"6":2,"7":0,"8":2,"9":0,"10":0,"11":2,"12":1,"13":0,"14":2,"15":2,"16":0,"17":0,"18":0,"19":0,"20":2,"21":0},"f":{"0":2,"1":0,"2":0,"3":1,"4":0,"5":2,"6":0,"7":0,"8":0},"b":{"0":[2],"1":[0,2],"2":[2,2]},"_coverageSchema":"1a1c01bbd47fc00a2c39e90264f33305004495a9","hash":"d5fff75c1be4b6066005531da5e2a772fdd23a82"}
,"/home/alfiado/www/bootcamp2020/nivel5/gobarber-mobile/src/hooks/auth.tsx": {"path":"/home/alfiado/www/bootcamp2020/nivel5/gobarber-mobile/src/hooks/auth.tsx","statementMap":{"0":{"start":{"line":37,"column":20},"end":{"line":37,"column":73}},"1":{"start":{"line":39,"column":38},"end":{"line":104,"column":1}},"2":{"start":{"line":40,"column":26},"end":{"line":40,"column":62}},"3":{"start":{"line":41,"column":32},"end":{"line":41,"column":46}},"4":{"start":{"line":43,"column":2},"end":{"line":59,"column":9}},"5":{"start":{"line":45,"column":28},"end":{"line":48,"column":8}},"6":{"start":{"line":50,"column":6},"end":{"line":53,"column":7}},"7":{"start":{"line":51,"column":8},"end":{"line":51,"column":64}},"8":{"start":{"line":52,"column":8},"end":{"line":52,"column":66}},"9":{"start":{"line":55,"column":6},"end":{"line":55,"column":24}},"10":{"start":{"line":58,"column":4},"end":{"line":58,"column":22}},"11":{"start":{"line":61,"column":17},"end":{"line":77,"column":8}},"12":{"start":{"line":62,"column":21},"end":{"line":65,"column":6}},"13":{"start":{"line":67,"column":28},"end":{"line":67,"column":41}},"14":{"start":{"line":69,"column":4},"end":{"line":72,"column":7}},"15":{"start":{"line":74,"column":4},"end":{"line":74,"column":59}},"16":{"start":{"line":76,"column":4},"end":{"line":76,"column":29}},"17":{"start":{"line":79,"column":18},"end":{"line":83,"column":8}},"18":{"start":{"line":80,"column":4},"end":{"line":80,"column":74}},"19":{"start":{"line":82,"column":4},"end":{"line":82,"column":29}},"20":{"start":{"line":85,"column":21},"end":{"line":95,"column":3}},"21":{"start":{"line":87,"column":6},"end":{"line":87,"column":73}},"22":{"start":{"line":89,"column":6},"end":{"line":92,"column":9}},"23":{"start":{"line":97,"column":2},"end":{"line":103,"column":4}},"24":{"start":{"line":107,"column":18},"end":{"line":107,"column":41}},"25":{"start":{"line":109,"column":2},"end":{"line":109,"column":78}},"26":{"start":{"line":109,"column":16},"end":{"line":109,"column":78}},"27":{"start":{"line":111,"column":2},"end":{"line":111,"column":17}}},"fnMap":{"0":{"name":"(anonymous_0)","decl":{"start":{"line":39,"column":38},"end":{"line":39,"column":39}},"loc":{"start":{"line":39,"column":56},"end":{"line":104,"column":1}},"line":39},"1":{"name":"(anonymous_1)","decl":{"start":{"line":43,"column":12},"end":{"line":43,"column":13}},"loc":{"start":{"line":43,"column":18},"end":{"line":59,"column":3}},"line":43},"2":{"name":"loadStorageData","decl":{"start":{"line":44,"column":19},"end":{"line":44,"column":34}},"loc":{"start":{"line":44,"column":52},"end":{"line":56,"column":5}},"line":44},"3":{"name":"(anonymous_3)","decl":{"start":{"line":61,"column":29},"end":{"line":61,"column":30}},"loc":{"start":{"line":61,"column":60},"end":{"line":77,"column":3}},"line":61},"4":{"name":"(anonymous_4)","decl":{"start":{"line":79,"column":30},"end":{"line":79,"column":31}},"loc":{"start":{"line":79,"column":42},"end":{"line":83,"column":3}},"line":79},"5":{"name":"(anonymous_5)","decl":{"start":{"line":86,"column":4},"end":{"line":86,"column":5}},"loc":{"start":{"line":86,"column":26},"end":{"line":93,"column":5}},"line":86},"6":{"name":"useAuth","decl":{"start":{"line":106,"column":16},"end":{"line":106,"column":23}},"loc":{"start":{"line":106,"column":43},"end":{"line":112,"column":1}},"line":106}},"branchMap":{"0":{"loc":{"start":{"line":50,"column":6},"end":{"line":53,"column":7}},"type":"if","locations":[{"start":{"line":50,"column":6},"end":{"line":53,"column":7}},{"start":{"line":50,"column":6},"end":{"line":53,"column":7}}],"line":50},"1":{"loc":{"start":{"line":50,"column":10},"end":{"line":50,"column":29}},"type":"binary-expr","locations":[{"start":{"line":50,"column":10},"end":{"line":50,"column":18}},{"start":{"line":50,"column":22},"end":{"line":50,"column":29}}],"line":50},"2":{"loc":{"start":{"line":109,"column":2},"end":{"line":109,"column":78}},"type":"if","locations":[{"start":{"line":109,"column":2},"end":{"line":109,"column":78}},{"start":{"line":109,"column":2},"end":{"line":109,"column":78}}],"line":109}},"s":{"0":1,"1":1,"2":0,"3":0,"4":0,"5":0,"6":0,"7":0,"8":0,"9":0,"10":0,"11":0,"12":0,"13":0,"14":0,"15":0,"16":0,"17":0,"18":0,"19":0,"20":0,"21":0,"22":0,"23":0,"24":1,"25":1,"26":0,"27":1},"f":{"0":0,"1":0,"2":0,"3":0,"4":0,"5":0,"6":1},"b":{"0":[0,0],"1":[0,0],"2":[0,1]},"_coverageSchema":"1a1c01bbd47fc00a2c39e90264f33305004495a9","hash":"301a803408d545fbef8c995575d41d5c673dbb9f"}
,"/home/alfiado/www/bootcamp2020/nivel5/gobarber-mobile/src/pages/AppointmentCreated/index.tsx": {"path":"/home/alfiado/www/bootcamp2020/nivel5/gobarber-mobile/src/pages/AppointmentCreated/index.tsx","statementMap":{"0":{"start":{"line":19,"column":37},"end":{"line":57,"column":1}},"1":{"start":{"line":20,"column":20},"end":{"line":20,"column":35}},"2":{"start":{"line":22,"column":21},"end":{"line":22,"column":31}},"3":{"start":{"line":24,"column":21},"end":{"line":24,"column":43}},"4":{"start":{"line":26,"column":26},"end":{"line":35,"column":13}},"5":{"start":{"line":27,"column":4},"end":{"line":34,"column":7}},"6":{"start":{"line":37,"column":24},"end":{"line":43,"column":23}},"7":{"start":{"line":38,"column":4},"end":{"line":42,"column":6}},"8":{"start":{"line":45,"column":2},"end":{"line":56,"column":4}}},"fnMap":{"0":{"name":"(anonymous_0)","decl":{"start":{"line":19,"column":37},"end":{"line":19,"column":38}},"loc":{"start":{"line":19,"column":43},"end":{"line":57,"column":1}},"line":19},"1":{"name":"(anonymous_1)","decl":{"start":{"line":26,"column":38},"end":{"line":26,"column":39}},"loc":{"start":{"line":26,"column":44},"end":{"line":35,"column":3}},"line":26},"2":{"name":"(anonymous_2)","decl":{"start":{"line":37,"column":32},"end":{"line":37,"column":33}},"loc":{"start":{"line":37,"column":38},"end":{"line":43,"column":3}},"line":37}},"branchMap":{},"s":{"0":0,"1":0,"2":0,"3":0,"4":0,"5":0,"6":0,"7":0,"8":0},"f":{"0":0,"1":0,"2":0},"b":{}}
,"/home/alfiado/www/bootcamp2020/nivel5/gobarber-mobile/src/pages/CreateAppointment/index.tsx": {"path":"/home/alfiado/www/bootcamp2020/nivel5/gobarber-mobile/src/pages/CreateAppointment/index.tsx","statementMap":{"0":{"start":{"line":57,"column":36},"end":{"line":280,"column":1}},"1":{"start":{"line":58,"column":16},"end":{"line":58,"column":26}},"2":{"start":{"line":59,"column":25},"end":{"line":59,"column":52}},"3":{"start":{"line":61,"column":36},"end":{"line":61,"column":60}},"4":{"start":{"line":62,"column":50},"end":{"line":62,"column":70}},"5":{"start":{"line":63,"column":46},"end":{"line":63,"column":61}},"6":{"start":{"line":64,"column":42},"end":{"line":64,"column":62}},"7":{"start":{"line":65,"column":42},"end":{"line":65,"column":74}},"8":{"start":{"line":66,"column":42},"end":{"line":66,"column":53}},"9":{"start":{"line":68,"column":31},"end":{"line":68,"column":46}},"10":{"start":{"line":70,"column":19},"end":{"line":70,"column":28}},"11":{"start":{"line":72,"column":2},"end":{"line":76,"column":9}},"12":{"start":{"line":73,"column":4},"end":{"line":75,"column":7}},"13":{"start":{"line":74,"column":6},"end":{"line":74,"column":34}},"14":{"start":{"line":78,"column":2},"end":{"line":90,"column":39}},"15":{"start":{"line":79,"column":4},"end":{"line":89,"column":9}},"16":{"start":{"line":88,"column":8},"end":{"line":88,"column":39}},"17":{"start":{"line":92,"column":23},"end":{"line":94,"column":14}},"18":{"start":{"line":93,"column":4},"end":{"line":93,"column":13}},"19":{"start":{"line":96,"column":31},"end":{"line":98,"column":8}},"20":{"start":{"line":97,"column":4},"end":{"line":97,"column":28}},"21":{"start":{"line":100,"column":33},"end":{"line":102,"column":8}},"22":{"start":{"line":101,"column":4},"end":{"line":101,"column":39}},"23":{"start":{"line":101,"column":31},"end":{"line":101,"column":37}},"24":{"start":{"line":104,"column":28},"end":{"line":111,"column":3}},"25":{"start":{"line":106,"column":6},"end":{"line":106,"column":62}},"26":{"start":{"line":106,"column":37},"end":{"line":106,"column":62}},"27":{"start":{"line":108,"column":6},"end":{"line":108,"column":38}},"28":{"start":{"line":108,"column":16},"end":{"line":108,"column":38}},"29":{"start":{"line":113,"column":27},"end":{"line":115,"column":8}},"30":{"start":{"line":114,"column":4},"end":{"line":114,"column":26}},"31":{"start":{"line":117,"column":34},"end":{"line":136,"column":62}},"32":{"start":{"line":118,"column":4},"end":{"line":135,"column":5}},"33":{"start":{"line":119,"column":19},"end":{"line":119,"column":41}},"34":{"start":{"line":121,"column":6},"end":{"line":121,"column":34}},"35":{"start":{"line":122,"column":6},"end":{"line":122,"column":25}},"36":{"start":{"line":124,"column":6},"end":{"line":127,"column":9}},"37":{"start":{"line":129,"column":6},"end":{"line":129,"column":63}},"38":{"start":{"line":131,"column":6},"end":{"line":134,"column":8}},"39":{"start":{"line":138,"column":27},"end":{"line":150,"column":35}},"40":{"start":{"line":139,"column":37},"end":{"line":141,"column":5}},"41":{"start":{"line":140,"column":18},"end":{"line":140,"column":50}},"42":{"start":{"line":143,"column":29},"end":{"line":145,"column":5}},"43":{"start":{"line":144,"column":18},"end":{"line":144,"column":50}},"44":{"start":{"line":147,"column":21},"end":{"line":147,"column":71}},"45":{"start":{"line":149,"column":4},"end":{"line":149,"column":33}},"46":{"start":{"line":152,"column":30},"end":{"line":162,"column":20}},"47":{"start":{"line":153,"column":4},"end":{"line":161,"column":9}},"48":{"start":{"line":154,"column":28},"end":{"line":154,"column":37}},"49":{"start":{"line":156,"column":8},"end":{"line":160,"column":10}},"50":{"start":{"line":164,"column":32},"end":{"line":174,"column":20}},"51":{"start":{"line":165,"column":4},"end":{"line":173,"column":9}},"52":{"start":{"line":166,"column":28},"end":{"line":166,"column":38}},"53":{"start":{"line":168,"column":8},"end":{"line":172,"column":10}},"54":{"start":{"line":176,"column":2},"end":{"line":279,"column":4}},"55":{"start":{"line":194,"column":38},"end":{"line":194,"column":49}},"56":{"start":{"line":196,"column":14},"end":{"line":204,"column":34}},"57":{"start":{"line":197,"column":31},"end":{"line":197,"column":64}},"58":{"start":{"line":236,"column":16},"end":{"line":246,"column":23}},"59":{"start":{"line":239,"column":33},"end":{"line":239,"column":55}},"60":{"start":{"line":257,"column":18},"end":{"line":267,"column":25}},"61":{"start":{"line":260,"column":35},"end":{"line":260,"column":57}}},"fnMap":{"0":{"name":"(anonymous_0)","decl":{"start":{"line":57,"column":36},"end":{"line":57,"column":37}},"loc":{"start":{"line":57,"column":42},"end":{"line":280,"column":1}},"line":57},"1":{"name":"(anonymous_1)","decl":{"start":{"line":72,"column":12},"end":{"line":72,"column":13}},"loc":{"start":{"line":72,"column":18},"end":{"line":76,"column":3}},"line":72},"2":{"name":"(anonymous_2)","decl":{"start":{"line":73,"column":30},"end":{"line":73,"column":31}},"loc":{"start":{"line":73,"column":42},"end":{"line":75,"column":5}},"line":73},"3":{"name":"(anonymous_3)","decl":{"start":{"line":78,"column":12},"end":{"line":78,"column":13}},"loc":{"start":{"line":78,"column":18},"end":{"line":90,"column":3}},"line":78},"4":{"name":"(anonymous_4)","decl":{"start":{"line":87,"column":12},"end":{"line":87,"column":13}},"loc":{"start":{"line":87,"column":24},"end":{"line":89,"column":7}},"line":87},"5":{"name":"(anonymous_5)","decl":{"start":{"line":92,"column":35},"end":{"line":92,"column":36}},"loc":{"start":{"line":92,"column":41},"end":{"line":94,"column":3}},"line":92},"6":{"name":"(anonymous_6)","decl":{"start":{"line":96,"column":43},"end":{"line":96,"column":44}},"loc":{"start":{"line":96,"column":59},"end":{"line":98,"column":3}},"line":96},"7":{"name":"(anonymous_7)","decl":{"start":{"line":100,"column":45},"end":{"line":100,"column":46}},"loc":{"start":{"line":100,"column":51},"end":{"line":102,"column":3}},"line":100},"8":{"name":"(anonymous_8)","decl":{"start":{"line":101,"column":22},"end":{"line":101,"column":23}},"loc":{"start":{"line":101,"column":31},"end":{"line":101,"column":37}},"line":101},"9":{"name":"(anonymous_9)","decl":{"start":{"line":105,"column":4},"end":{"line":105,"column":5}},"loc":{"start":{"line":105,"column":44},"end":{"line":109,"column":5}},"line":105},"10":{"name":"(anonymous_10)","decl":{"start":{"line":113,"column":39},"end":{"line":113,"column":40}},"loc":{"start":{"line":113,"column":57},"end":{"line":115,"column":3}},"line":113},"11":{"name":"(anonymous_11)","decl":{"start":{"line":117,"column":46},"end":{"line":117,"column":47}},"loc":{"start":{"line":117,"column":58},"end":{"line":136,"column":3}},"line":117},"12":{"name":"(anonymous_12)","decl":{"start":{"line":138,"column":35},"end":{"line":138,"column":36}},"loc":{"start":{"line":138,"column":41},"end":{"line":150,"column":3}},"line":138},"13":{"name":"(anonymous_13)","decl":{"start":{"line":140,"column":6},"end":{"line":140,"column":7}},"loc":{"start":{"line":140,"column":18},"end":{"line":140,"column":50}},"line":140},"14":{"name":"(anonymous_14)","decl":{"start":{"line":144,"column":6},"end":{"line":144,"column":7}},"loc":{"start":{"line":144,"column":18},"end":{"line":144,"column":50}},"line":144},"15":{"name":"(anonymous_15)","decl":{"start":{"line":152,"column":38},"end":{"line":152,"column":39}},"loc":{"start":{"line":152,"column":44},"end":{"line":162,"column":3}},"line":152},"16":{"name":"(anonymous_16)","decl":{"start":{"line":154,"column":14},"end":{"line":154,"column":15}},"loc":{"start":{"line":154,"column":28},"end":{"line":154,"column":37}},"line":154},"17":{"name":"(anonymous_17)","decl":{"start":{"line":155,"column":11},"end":{"line":155,"column":12}},"loc":{"start":{"line":155,"column":36},"end":{"line":161,"column":7}},"line":155},"18":{"name":"(anonymous_18)","decl":{"start":{"line":164,"column":40},"end":{"line":164,"column":41}},"loc":{"start":{"line":164,"column":46},"end":{"line":174,"column":3}},"line":164},"19":{"name":"(anonymous_19)","decl":{"start":{"line":166,"column":14},"end":{"line":166,"column":15}},"loc":{"start":{"line":166,"column":28},"end":{"line":166,"column":38}},"line":166},"20":{"name":"(anonymous_20)","decl":{"start":{"line":167,"column":11},"end":{"line":167,"column":12}},"loc":{"start":{"line":167,"column":36},"end":{"line":173,"column":7}},"line":167},"21":{"name":"(anonymous_21)","decl":{"start":{"line":194,"column":26},"end":{"line":194,"column":27}},"loc":{"start":{"line":194,"column":38},"end":{"line":194,"column":49}},"line":194},"22":{"name":"(anonymous_22)","decl":{"start":{"line":195,"column":24},"end":{"line":195,"column":25}},"loc":{"start":{"line":196,"column":14},"end":{"line":204,"column":34}},"line":196},"23":{"name":"(anonymous_23)","decl":{"start":{"line":197,"column":25},"end":{"line":197,"column":26}},"loc":{"start":{"line":197,"column":31},"end":{"line":197,"column":64}},"line":197},"24":{"name":"(anonymous_24)","decl":{"start":{"line":235,"column":39},"end":{"line":235,"column":40}},"loc":{"start":{"line":236,"column":16},"end":{"line":246,"column":23}},"line":236},"25":{"name":"(anonymous_25)","decl":{"start":{"line":239,"column":27},"end":{"line":239,"column":28}},"loc":{"start":{"line":239,"column":33},"end":{"line":239,"column":55}},"line":239},"26":{"name":"(anonymous_26)","decl":{"start":{"line":256,"column":16},"end":{"line":256,"column":17}},"loc":{"start":{"line":257,"column":18},"end":{"line":267,"column":25}},"line":257},"27":{"name":"(anonymous_27)","decl":{"start":{"line":260,"column":29},"end":{"line":260,"column":30}},"loc":{"start":{"line":260,"column":35},"end":{"line":260,"column":57}},"line":260}},"branchMap":{"0":{"loc":{"start":{"line":106,"column":6},"end":{"line":106,"column":62}},"type":"if","locations":[{"start":{"line":106,"column":6},"end":{"line":106,"column":62}},{"start":{"line":106,"column":6},"end":{"line":106,"column":62}}],"line":106},"1":{"loc":{"start":{"line":108,"column":6},"end":{"line":108,"column":38}},"type":"if","locations":[{"start":{"line":108,"column":6},"end":{"line":108,"column":38}},{"start":{"line":108,"column":6},"end":{"line":108,"column":38}}],"line":108},"2":{"loc":{"start":{"line":149,"column":11},"end":{"line":149,"column":32}},"type":"binary-expr","locations":[{"start":{"line":149,"column":11},"end":{"line":149,"column":19}},{"start":{"line":149,"column":23},"end":{"line":149,"column":32}}],"line":149},"3":{"loc":{"start":{"line":218,"column":11},"end":{"line":225,"column":11}},"type":"binary-expr","locations":[{"start":{"line":218,"column":11},"end":{"line":218,"column":25}},{"start":{"line":219,"column":12},"end":{"line":224,"column":14}}],"line":218}},"s":{"0":0,"1":0,"2":0,"3":0,"4":0,"5":0,"6":0,"7":0,"8":0,"9":0,"10":0,"11":0,"12":0,"13":0,"14":0,"15":0,"16":0,"17":0,"18":0,"19":0,"20":0,"21":0,"22":0,"23":0,"24":0,"25":0,"26":0,"27":0,"28":0,"29":0,"30":0,"31":0,"32":0,"33":0,"34":0,"35":0,"36":0,"37":0,"38":0,"39":0,"40":0,"41":0,"42":0,"43":0,"44":0,"45":0,"46":0,"47":0,"48":0,"49":0,"50":0,"51":0,"52":0,"53":0,"54":0,"55":0,"56":0,"57":0,"58":0,"59":0,"60":0,"61":0},"f":{"0":0,"1":0,"2":0,"3":0,"4":0,"5":0,"6":0,"7":0,"8":0,"9":0,"10":0,"11":0,"12":0,"13":0,"14":0,"15":0,"16":0,"17":0,"18":0,"19":0,"20":0,"21":0,"22":0,"23":0,"24":0,"25":0,"26":0,"27":0},"b":{"0":[0,0],"1":[0,0],"2":[0,0],"3":[0,0]}}
,"/home/alfiado/www/bootcamp2020/nivel5/gobarber-mobile/src/pages/Dashboard/index.tsx": {"path":"/home/alfiado/www/bootcamp2020/nivel5/gobarber-mobile/src/pages/Dashboard/index.tsx","statementMap":{"0":{"start":{"line":31,"column":28},"end":{"line":99,"column":1}},"1":{"start":{"line":32,"column":36},"end":{"line":32,"column":60}},"2":{"start":{"line":34,"column":19},"end":{"line":34,"column":28}},"3":{"start":{"line":36,"column":23},"end":{"line":36,"column":38}},"4":{"start":{"line":38,"column":2},"end":{"line":42,"column":9}},"5":{"start":{"line":39,"column":4},"end":{"line":41,"column":7}},"6":{"start":{"line":40,"column":6},"end":{"line":40,"column":34}},"7":{"start":{"line":44,"column":30},"end":{"line":46,"column":16}},"8":{"start":{"line":45,"column":4},"end":{"line":45,"column":24}},"9":{"start":{"line":48,"column":38},"end":{"line":53,"column":3}},"10":{"start":{"line":50,"column":6},"end":{"line":50,"column":52}},"11":{"start":{"line":55,"column":2},"end":{"line":98,"column":4}},"12":{"start":{"line":71,"column":34},"end":{"line":71,"column":45}},"13":{"start":{"line":76,"column":10},"end":{"line":94,"column":30}},"14":{"start":{"line":77,"column":27},"end":{"line":77,"column":67}}},"fnMap":{"0":{"name":"(anonymous_0)","decl":{"start":{"line":31,"column":28},"end":{"line":31,"column":29}},"loc":{"start":{"line":31,"column":34},"end":{"line":99,"column":1}},"line":31},"1":{"name":"(anonymous_1)","decl":{"start":{"line":38,"column":12},"end":{"line":38,"column":13}},"loc":{"start":{"line":38,"column":18},"end":{"line":42,"column":3}},"line":38},"2":{"name":"(anonymous_2)","decl":{"start":{"line":39,"column":30},"end":{"line":39,"column":31}},"loc":{"start":{"line":39,"column":42},"end":{"line":41,"column":5}},"line":39},"3":{"name":"(anonymous_3)","decl":{"start":{"line":44,"column":42},"end":{"line":44,"column":43}},"loc":{"start":{"line":44,"column":48},"end":{"line":46,"column":3}},"line":44},"4":{"name":"(anonymous_4)","decl":{"start":{"line":49,"column":4},"end":{"line":49,"column":5}},"loc":{"start":{"line":49,"column":18},"end":{"line":51,"column":5}},"line":49},"5":{"name":"(anonymous_5)","decl":{"start":{"line":71,"column":22},"end":{"line":71,"column":23}},"loc":{"start":{"line":71,"column":34},"end":{"line":71,"column":45}},"line":71},"6":{"name":"(anonymous_6)","decl":{"start":{"line":75,"column":20},"end":{"line":75,"column":21}},"loc":{"start":{"line":76,"column":10},"end":{"line":94,"column":30}},"line":76},"7":{"name":"(anonymous_7)","decl":{"start":{"line":77,"column":21},"end":{"line":77,"column":22}},"loc":{"start":{"line":77,"column":27},"end":{"line":77,"column":67}},"line":77}},"branchMap":{},"s":{"0":0,"1":0,"2":0,"3":0,"4":0,"5":0,"6":0,"7":0,"8":0,"9":0,"10":0,"11":0,"12":0,"13":0,"14":0},"f":{"0":0,"1":0,"2":0,"3":0,"4":0,"5":0,"6":0,"7":0},"b":{}}
,"/home/alfiado/www/bootcamp2020/nivel5/gobarber-mobile/src/pages/Profile/index.tsx": {"path":"/home/alfiado/www/bootcamp2020/nivel5/gobarber-mobile/src/pages/Profile/index.tsx","statementMap":{"0":{"start":{"line":40,"column":26},"end":{"line":264,"column":1}},"1":{"start":{"line":41,"column":21},"end":{"line":41,"column":36}},"2":{"start":{"line":42,"column":31},"end":{"line":42,"column":40}},"3":{"start":{"line":44,"column":18},"end":{"line":44,"column":43}},"4":{"start":{"line":45,"column":24},"end":{"line":45,"column":47}},"5":{"start":{"line":46,"column":27},"end":{"line":46,"column":50}},"6":{"start":{"line":47,"column":31},"end":{"line":47,"column":54}},"7":{"start":{"line":48,"column":39},"end":{"line":48,"column":62}},"8":{"start":{"line":50,"column":23},"end":{"line":115,"column":3}},"9":{"start":{"line":52,"column":6},"end":{"line":52,"column":37}},"10":{"start":{"line":54,"column":6},"end":{"line":112,"column":7}},"11":{"start":{"line":55,"column":23},"end":{"line":75,"column":10}},"12":{"start":{"line":62,"column":25},"end":{"line":62,"column":39}},"13":{"start":{"line":70,"column":27},"end":{"line":70,"column":41}},"14":{"start":{"line":77,"column":8},"end":{"line":79,"column":11}},"15":{"start":{"line":81,"column":25},"end":{"line":91,"column":9}},"16":{"start":{"line":93,"column":25},"end":{"line":93,"column":59}},"17":{"start":{"line":95,"column":8},"end":{"line":95,"column":34}},"18":{"start":{"line":97,"column":8},"end":{"line":97,"column":53}},"19":{"start":{"line":99,"column":8},"end":{"line":99,"column":28}},"20":{"start":{"line":101,"column":8},"end":{"line":107,"column":9}},"21":{"start":{"line":102,"column":25},"end":{"line":102,"column":50}},"22":{"start":{"line":104,"column":10},"end":{"line":104,"column":45}},"23":{"start":{"line":106,"column":10},"end":{"line":106,"column":17}},"24":{"start":{"line":108,"column":8},"end":{"line":111,"column":10}},"25":{"start":{"line":117,"column":23},"end":{"line":119,"column":18}},"26":{"start":{"line":118,"column":4},"end":{"line":118,"column":24}},"27":{"start":{"line":121,"column":29},"end":{"line":150,"column":27}},"28":{"start":{"line":122,"column":4},"end":{"line":149,"column":6}},"29":{"start":{"line":130,"column":8},"end":{"line":132,"column":9}},"30":{"start":{"line":131,"column":10},"end":{"line":131,"column":17}},"31":{"start":{"line":133,"column":8},"end":{"line":136,"column":9}},"32":{"start":{"line":134,"column":10},"end":{"line":134,"column":54}},"33":{"start":{"line":135,"column":10},"end":{"line":135,"column":17}},"34":{"start":{"line":137,"column":21},"end":{"line":137,"column":35}},"35":{"start":{"line":139,"column":8},"end":{"line":143,"column":11}},"36":{"start":{"line":145,"column":8},"end":{"line":147,"column":11}},"37":{"start":{"line":146,"column":10},"end":{"line":146,"column":39}},"38":{"start":{"line":152,"column":2},"end":{"line":263,"column":4}},"39":{"start":{"line":194,"column":20},"end":{"line":194,"column":51}},"40":{"start":{"line":207,"column":20},"end":{"line":207,"column":58}},"41":{"start":{"line":220,"column":20},"end":{"line":220,"column":54}},"42":{"start":{"line":233,"column":20},"end":{"line":233,"column":66}},"43":{"start":{"line":246,"column":20},"end":{"line":246,"column":50}},"44":{"start":{"line":252,"column":20},"end":{"line":252,"column":50}}},"fnMap":{"0":{"name":"(anonymous_0)","decl":{"start":{"line":40,"column":26},"end":{"line":40,"column":27}},"loc":{"start":{"line":40,"column":32},"end":{"line":264,"column":1}},"line":40},"1":{"name":"(anonymous_1)","decl":{"start":{"line":51,"column":4},"end":{"line":51,"column":5}},"loc":{"start":{"line":51,"column":37},"end":{"line":113,"column":5}},"line":51},"2":{"name":"(anonymous_2)","decl":{"start":{"line":62,"column":16},"end":{"line":62,"column":17}},"loc":{"start":{"line":62,"column":25},"end":{"line":62,"column":39}},"line":62},"3":{"name":"(anonymous_3)","decl":{"start":{"line":70,"column":18},"end":{"line":70,"column":19}},"loc":{"start":{"line":70,"column":27},"end":{"line":70,"column":41}},"line":70},"4":{"name":"(anonymous_4)","decl":{"start":{"line":117,"column":35},"end":{"line":117,"column":36}},"loc":{"start":{"line":117,"column":41},"end":{"line":119,"column":3}},"line":117},"5":{"name":"(anonymous_5)","decl":{"start":{"line":121,"column":41},"end":{"line":121,"column":42}},"loc":{"start":{"line":121,"column":47},"end":{"line":150,"column":3}},"line":121},"6":{"name":"(anonymous_6)","decl":{"start":{"line":129,"column":6},"end":{"line":129,"column":7}},"loc":{"start":{"line":129,"column":18},"end":{"line":148,"column":7}},"line":129},"7":{"name":"(anonymous_7)","decl":{"start":{"line":145,"column":45},"end":{"line":145,"column":46}},"loc":{"start":{"line":145,"column":60},"end":{"line":147,"column":9}},"line":145},"8":{"name":"(anonymous_8)","decl":{"start":{"line":193,"column":35},"end":{"line":193,"column":36}},"loc":{"start":{"line":193,"column":41},"end":{"line":195,"column":19}},"line":193},"9":{"name":"(anonymous_9)","decl":{"start":{"line":206,"column":35},"end":{"line":206,"column":36}},"loc":{"start":{"line":206,"column":41},"end":{"line":208,"column":19}},"line":206},"10":{"name":"(anonymous_10)","decl":{"start":{"line":219,"column":35},"end":{"line":219,"column":36}},"loc":{"start":{"line":219,"column":41},"end":{"line":221,"column":19}},"line":219},"11":{"name":"(anonymous_11)","decl":{"start":{"line":232,"column":35},"end":{"line":232,"column":36}},"loc":{"start":{"line":232,"column":41},"end":{"line":234,"column":19}},"line":232},"12":{"name":"(anonymous_12)","decl":{"start":{"line":245,"column":35},"end":{"line":245,"column":36}},"loc":{"start":{"line":245,"column":41},"end":{"line":247,"column":19}},"line":245},"13":{"name":"(anonymous_13)","decl":{"start":{"line":251,"column":27},"end":{"line":251,"column":28}},"loc":{"start":{"line":251,"column":33},"end":{"line":253,"column":19}},"line":251}},"branchMap":{"0":{"loc":{"start":{"line":84,"column":14},"end":{"line":90,"column":16}},"type":"cond-expr","locations":[{"start":{"line":85,"column":14},"end":{"line":89,"column":15}},{"start":{"line":90,"column":14},"end":{"line":90,"column":16}}],"line":84},"1":{"loc":{"start":{"line":101,"column":8},"end":{"line":107,"column":9}},"type":"if","locations":[{"start":{"line":101,"column":8},"end":{"line":107,"column":9}},{"start":{"line":101,"column":8},"end":{"line":107,"column":9}}],"line":101},"2":{"loc":{"start":{"line":130,"column":8},"end":{"line":132,"column":9}},"type":"if","locations":[{"start":{"line":130,"column":8},"end":{"line":132,"column":9}},{"start":{"line":130,"column":8},"end":{"line":132,"column":9}}],"line":130},"3":{"loc":{"start":{"line":133,"column":8},"end":{"line":136,"column":9}},"type":"if","locations":[{"start":{"line":133,"column":8},"end":{"line":136,"column":9}},{"start":{"line":133,"column":8},"end":{"line":136,"column":9}}],"line":133},"4":{"loc":{"start":{"line":156,"column":18},"end":{"line":156,"column":63}},"type":"cond-expr","locations":[{"start":{"line":156,"column":42},"end":{"line":156,"column":51}},{"start":{"line":156,"column":54},"end":{"line":156,"column":63}}],"line":156}},"s":{"0":0,"1":0,"2":0,"3":0,"4":0,"5":0,"6":0,"7":0,"8":0,"9":0,"10":0,"11":0,"12":0,"13":0,"14":0,"15":0,"16":0,"17":0,"18":0,"19":0,"20":0,"21":0,"22":0,"23":0,"24":0,"25":0,"26":0,"27":0,"28":0,"29":0,"30":0,"31":0,"32":0,"33":0,"34":0,"35":0,"36":0,"37":0,"38":0,"39":0,"40":0,"41":0,"42":0,"43":0,"44":0},"f":{"0":0,"1":0,"2":0,"3":0,"4":0,"5":0,"6":0,"7":0,"8":0,"9":0,"10":0,"11":0,"12":0,"13":0},"b":{"0":[0,0],"1":[0,0],"2":[0,0],"3":[0,0],"4":[0,0]}}
,"/home/alfiado/www/bootcamp2020/nivel5/gobarber-mobile/src/pages/Signin/index.tsx": {"path":"/home/alfiado/www/bootcamp2020/nivel5/gobarber-mobile/src/pages/Signin/index.tsx","statementMap":{"0":{"start":{"line":39,"column":25},"end":{"line":160,"column":1}},"1":{"start":{"line":40,"column":21},"end":{"line":40,"column":36}},"2":{"start":{"line":41,"column":18},"end":{"line":41,"column":43}},"3":{"start":{"line":42,"column":27},"end":{"line":42,"column":50}},"4":{"start":{"line":44,"column":27},"end":{"line":44,"column":36}},"5":{"start":{"line":45,"column":2},"end":{"line":45,"column":20}},"6":{"start":{"line":47,"column":23},"end":{"line":81,"column":8}},"7":{"start":{"line":48,"column":4},"end":{"line":48,"column":35}},"8":{"start":{"line":50,"column":4},"end":{"line":80,"column":5}},"9":{"start":{"line":51,"column":21},"end":{"line":56,"column":8}},"10":{"start":{"line":58,"column":6},"end":{"line":60,"column":9}},"11":{"start":{"line":62,"column":6},"end":{"line":65,"column":9}},"12":{"start":{"line":69,"column":6},"end":{"line":75,"column":7}},"13":{"start":{"line":70,"column":23},"end":{"line":70,"column":48}},"14":{"start":{"line":72,"column":8},"end":{"line":72,"column":43}},"15":{"start":{"line":74,"column":8},"end":{"line":74,"column":15}},"16":{"start":{"line":76,"column":6},"end":{"line":79,"column":8}},"17":{"start":{"line":83,"column":2},"end":{"line":159,"column":4}},"18":{"start":{"line":114,"column":18},"end":{"line":114,"column":52}},"19":{"start":{"line":126,"column":18},"end":{"line":126,"column":48}},"20":{"start":{"line":132,"column":18},"end":{"line":132,"column":48}},"21":{"start":{"line":141,"column":16},"end":{"line":141,"column":37}},"22":{"start":{"line":152,"column":10},"end":{"line":152,"column":40}}},"fnMap":{"0":{"name":"(anonymous_0)","decl":{"start":{"line":39,"column":25},"end":{"line":39,"column":26}},"loc":{"start":{"line":39,"column":31},"end":{"line":160,"column":1}},"line":39},"1":{"name":"(anonymous_1)","decl":{"start":{"line":47,"column":35},"end":{"line":47,"column":36}},"loc":{"start":{"line":47,"column":66},"end":{"line":81,"column":3}},"line":47},"2":{"name":"(anonymous_2)","decl":{"start":{"line":113,"column":33},"end":{"line":113,"column":34}},"loc":{"start":{"line":113,"column":39},"end":{"line":115,"column":17}},"line":113},"3":{"name":"(anonymous_3)","decl":{"start":{"line":125,"column":33},"end":{"line":125,"column":34}},"loc":{"start":{"line":125,"column":39},"end":{"line":127,"column":17}},"line":125},"4":{"name":"(anonymous_4)","decl":{"start":{"line":131,"column":25},"end":{"line":131,"column":26}},"loc":{"start":{"line":131,"column":31},"end":{"line":133,"column":17}},"line":131},"5":{"name":"(anonymous_5)","decl":{"start":{"line":140,"column":23},"end":{"line":140,"column":24}},"loc":{"start":{"line":140,"column":29},"end":{"line":142,"column":15}},"line":140},"6":{"name":"(anonymous_6)","decl":{"start":{"line":151,"column":17},"end":{"line":151,"column":18}},"loc":{"start":{"line":151,"column":23},"end":{"line":153,"column":9}},"line":151}},"branchMap":{"0":{"loc":{"start":{"line":69,"column":6},"end":{"line":75,"column":7}},"type":"if","locations":[{"start":{"line":69,"column":6},"end":{"line":75,"column":7}},{"start":{"line":69,"column":6},"end":{"line":75,"column":7}}],"line":69},"1":{"loc":{"start":{"line":87,"column":18},"end":{"line":87,"column":63}},"type":"cond-expr","locations":[{"start":{"line":87,"column":42},"end":{"line":87,"column":51}},{"start":{"line":87,"column":54},"end":{"line":87,"column":63}}],"line":87}},"s":{"0":1,"1":1,"2":1,"3":1,"4":1,"5":1,"6":1,"7":0,"8":0,"9":0,"10":0,"11":0,"12":0,"13":0,"14":0,"15":0,"16":0,"17":1,"18":0,"19":0,"20":0,"21":0,"22":0},"f":{"0":1,"1":0,"2":0,"3":0,"4":0,"5":0,"6":0},"b":{"0":[0,0],"1":[1,0]},"_coverageSchema":"1a1c01bbd47fc00a2c39e90264f33305004495a9","hash":"50270b829c91d160a7bafd7bb7d5b2f62db423ef"}
,"/home/alfiado/www/bootcamp2020/nivel5/gobarber-mobile/src/pages/Signup/index.tsx": {"path":"/home/alfiado/www/bootcamp2020/nivel5/gobarber-mobile/src/pages/Signup/index.tsx","statementMap":{"0":{"start":{"line":33,"column":25},"end":{"line":163,"column":1}},"1":{"start":{"line":34,"column":21},"end":{"line":34,"column":36}},"2":{"start":{"line":36,"column":18},"end":{"line":36,"column":43}},"3":{"start":{"line":37,"column":24},"end":{"line":37,"column":47}},"4":{"start":{"line":38,"column":27},"end":{"line":38,"column":50}},"5":{"start":{"line":40,"column":23},"end":{"line":80,"column":3}},"6":{"start":{"line":42,"column":6},"end":{"line":42,"column":37}},"7":{"start":{"line":44,"column":6},"end":{"line":77,"column":7}},"8":{"start":{"line":45,"column":23},"end":{"line":51,"column":10}},"9":{"start":{"line":53,"column":8},"end":{"line":55,"column":11}},"10":{"start":{"line":57,"column":8},"end":{"line":57,"column":39}},"11":{"start":{"line":59,"column":8},"end":{"line":62,"column":10}},"12":{"start":{"line":64,"column":8},"end":{"line":64,"column":28}},"13":{"start":{"line":66,"column":8},"end":{"line":72,"column":9}},"14":{"start":{"line":67,"column":25},"end":{"line":67,"column":50}},"15":{"start":{"line":69,"column":10},"end":{"line":69,"column":45}},"16":{"start":{"line":71,"column":10},"end":{"line":71,"column":17}},"17":{"start":{"line":73,"column":8},"end":{"line":76,"column":10}},"18":{"start":{"line":82,"column":2},"end":{"line":162,"column":4}},"19":{"start":{"line":112,"column":18},"end":{"line":112,"column":49}},"20":{"start":{"line":125,"column":18},"end":{"line":125,"column":52}},"21":{"start":{"line":137,"column":18},"end":{"line":137,"column":48}},"22":{"start":{"line":143,"column":18},"end":{"line":143,"column":48}},"23":{"start":{"line":155,"column":10},"end":{"line":155,"column":30}}},"fnMap":{"0":{"name":"(anonymous_0)","decl":{"start":{"line":33,"column":25},"end":{"line":33,"column":26}},"loc":{"start":{"line":33,"column":31},"end":{"line":163,"column":1}},"line":33},"1":{"name":"(anonymous_1)","decl":{"start":{"line":41,"column":4},"end":{"line":41,"column":5}},"loc":{"start":{"line":41,"column":36},"end":{"line":78,"column":5}},"line":41},"2":{"name":"(anonymous_2)","decl":{"start":{"line":111,"column":33},"end":{"line":111,"column":34}},"loc":{"start":{"line":111,"column":39},"end":{"line":113,"column":17}},"line":111},"3":{"name":"(anonymous_3)","decl":{"start":{"line":124,"column":33},"end":{"line":124,"column":34}},"loc":{"start":{"line":124,"column":39},"end":{"line":126,"column":17}},"line":124},"4":{"name":"(anonymous_4)","decl":{"start":{"line":136,"column":33},"end":{"line":136,"column":34}},"loc":{"start":{"line":136,"column":39},"end":{"line":138,"column":17}},"line":136},"5":{"name":"(anonymous_5)","decl":{"start":{"line":142,"column":25},"end":{"line":142,"column":26}},"loc":{"start":{"line":142,"column":31},"end":{"line":144,"column":17}},"line":142},"6":{"name":"(anonymous_6)","decl":{"start":{"line":154,"column":17},"end":{"line":154,"column":18}},"loc":{"start":{"line":154,"column":23},"end":{"line":156,"column":9}},"line":154}},"branchMap":{"0":{"loc":{"start":{"line":66,"column":8},"end":{"line":72,"column":9}},"type":"if","locations":[{"start":{"line":66,"column":8},"end":{"line":72,"column":9}},{"start":{"line":66,"column":8},"end":{"line":72,"column":9}}],"line":66},"1":{"loc":{"start":{"line":86,"column":18},"end":{"line":86,"column":63}},"type":"cond-expr","locations":[{"start":{"line":86,"column":42},"end":{"line":86,"column":51}},{"start":{"line":86,"column":54},"end":{"line":86,"column":63}}],"line":86}},"s":{"0":0,"1":0,"2":0,"3":0,"4":0,"5":0,"6":0,"7":0,"8":0,"9":0,"10":0,"11":0,"12":0,"13":0,"14":0,"15":0,"16":0,"17":0,"18":0,"19":0,"20":0,"21":0,"22":0,"23":0},"f":{"0":0,"1":0,"2":0,"3":0,"4":0,"5":0,"6":0},"b":{"0":[0,0],"1":[0,0]}}
}
