TN:
SF:src/components/Button/index.tsx
FN:10,(anonymous_0)
FNF:1
FNH:1
FNDA:1,(anonymous_0)
DA:10,1
DA:11,1
LF:2
LH:2
BRF:0
BRH:0
end_of_record
TN:
SF:src/components/Input/index.tsx
FN:28,(anonymous_0)
FN:40,(anonymous_1)
FN:44,(anonymous_2)
FN:50,(anonymous_3)
FN:51,(anonymous_4)
FN:56,(anonymous_5)
FN:61,(anonymous_6)
FN:65,(anonymous_7)
FN:84,(anonymous_8)
FNF:9
FNH:3
FNDA:2,(anonymous_0)
FNDA:0,(anonymous_1)
FNDA:0,(anonymous_2)
FNDA:1,(anonymous_3)
FNDA:0,(anonymous_4)
FNDA:2,(anonymous_5)
FNDA:0,(anonymous_6)
FNDA:0,(anonymous_7)
FNDA:0,(anonymous_8)
DA:28,1
DA:32,2
DA:33,2
DA:35,2
DA:37,2
DA:38,2
DA:40,2
DA:41,0
DA:44,2
DA:45,0
DA:47,0
DA:50,2
DA:52,0
DA:56,2
DA:57,2
DA:62,0
DA:63,0
DA:66,0
DA:67,0
DA:72,2
DA:85,0
LF:21
LH:12
BRDA:29,0,0,2
BRDA:77,1,0,0
BRDA:77,1,1,2
BRDA:77,2,0,2
BRDA:77,2,1,2
BRF:5
BRH:4
end_of_record
TN:
SF:src/hooks/auth.tsx
FN:39,(anonymous_0)
FN:43,(anonymous_1)
FN:44,loadStorageData
FN:61,(anonymous_3)
FN:79,(anonymous_4)
FN:86,(anonymous_5)
FN:106,useAuth
FNF:7
FNH:1
FNDA:0,(anonymous_0)
FNDA:0,(anonymous_1)
FNDA:0,loadStorageData
FNDA:0,(anonymous_3)
FNDA:0,(anonymous_4)
FNDA:0,(anonymous_5)
FNDA:1,useAuth
DA:37,1
DA:39,1
DA:40,0
DA:41,0
DA:43,0
DA:45,0
DA:50,0
DA:51,0
DA:52,0
DA:55,0
DA:58,0
DA:61,0
DA:62,0
DA:67,0
DA:69,0
DA:74,0
DA:76,0
DA:79,0
DA:80,0
DA:82,0
DA:85,0
DA:87,0
DA:89,0
DA:97,0
DA:107,1
DA:109,1
DA:111,1
LF:27
LH:5
BRDA:50,0,0,0
BRDA:50,0,1,0
BRDA:50,1,0,0
BRDA:50,1,1,0
BRDA:109,2,0,0
BRDA:109,2,1,1
BRF:6
BRH:1
end_of_record
TN:
SF:src/pages/AppointmentCreated/index.tsx
FN:19,(anonymous_0)
FN:26,(anonymous_1)
FN:37,(anonymous_2)
FNF:3
FNH:0
FNDA:0,(anonymous_0)
FNDA:0,(anonymous_1)
FNDA:0,(anonymous_2)
DA:19,0
DA:20,0
DA:22,0
DA:24,0
DA:26,0
DA:27,0
DA:37,0
DA:38,0
DA:45,0
LF:9
LH:0
BRF:0
BRH:0
end_of_record
TN:
SF:src/pages/CreateAppointment/index.tsx
FN:57,(anonymous_0)
FN:72,(anonymous_1)
FN:73,(anonymous_2)
FN:78,(anonymous_3)
FN:87,(anonymous_4)
FN:92,(anonymous_5)
FN:96,(anonymous_6)
FN:100,(anonymous_7)
FN:101,(anonymous_8)
FN:105,(anonymous_9)
FN:113,(anonymous_10)
FN:117,(anonymous_11)
FN:138,(anonymous_12)
FN:140,(anonymous_13)
FN:144,(anonymous_14)
FN:152,(anonymous_15)
FN:154,(anonymous_16)
FN:155,(anonymous_17)
FN:164,(anonymous_18)
FN:166,(anonymous_19)
FN:167,(anonymous_20)
FN:194,(anonymous_21)
FN:195,(anonymous_22)
FN:197,(anonymous_23)
FN:235,(anonymous_24)
FN:239,(anonymous_25)
FN:256,(anonymous_26)
FN:260,(anonymous_27)
FNF:28
FNH:0
FNDA:0,(anonymous_0)
FNDA:0,(anonymous_1)
FNDA:0,(anonymous_2)
FNDA:0,(anonymous_3)
FNDA:0,(anonymous_4)
FNDA:0,(anonymous_5)
FNDA:0,(anonymous_6)
FNDA:0,(anonymous_7)
FNDA:0,(anonymous_8)
FNDA:0,(anonymous_9)
FNDA:0,(anonymous_10)
FNDA:0,(anonymous_11)
FNDA:0,(anonymous_12)
FNDA:0,(anonymous_13)
FNDA:0,(anonymous_14)
FNDA:0,(anonymous_15)
FNDA:0,(anonymous_16)
FNDA:0,(anonymous_17)
FNDA:0,(anonymous_18)
FNDA:0,(anonymous_19)
FNDA:0,(anonymous_20)
FNDA:0,(anonymous_21)
FNDA:0,(anonymous_22)
FNDA:0,(anonymous_23)
FNDA:0,(anonymous_24)
FNDA:0,(anonymous_25)
FNDA:0,(anonymous_26)
FNDA:0,(anonymous_27)
DA:57,0
DA:58,0
DA:59,0
DA:61,0
DA:62,0
DA:63,0
DA:64,0
DA:65,0
DA:66,0
DA:68,0
DA:70,0
DA:72,0
DA:73,0
DA:74,0
DA:78,0
DA:79,0
DA:88,0
DA:92,0
DA:93,0
DA:96,0
DA:97,0
DA:100,0
DA:101,0
DA:104,0
DA:106,0
DA:108,0
DA:113,0
DA:114,0
DA:117,0
DA:118,0
DA:119,0
DA:121,0
DA:122,0
DA:124,0
DA:129,0
DA:131,0
DA:138,0
DA:139,0
DA:140,0
DA:143,0
DA:144,0
DA:147,0
DA:149,0
DA:152,0
DA:153,0
DA:154,0
DA:156,0
DA:164,0
DA:165,0
DA:166,0
DA:168,0
DA:176,0
DA:194,0
DA:196,0
DA:197,0
DA:236,0
DA:239,0
DA:257,0
DA:260,0
LF:59
LH:0
BRDA:106,0,0,0
BRDA:106,0,1,0
BRDA:108,1,0,0
BRDA:108,1,1,0
BRDA:149,2,0,0
BRDA:149,2,1,0
BRDA:218,3,0,0
BRDA:218,3,1,0
BRF:8
BRH:0
end_of_record
TN:
SF:src/pages/Dashboard/index.tsx
FN:31,(anonymous_0)
FN:38,(anonymous_1)
FN:39,(anonymous_2)
FN:44,(anonymous_3)
FN:49,(anonymous_4)
FN:71,(anonymous_5)
FN:75,(anonymous_6)
FN:77,(anonymous_7)
FNF:8
FNH:0
FNDA:0,(anonymous_0)
FNDA:0,(anonymous_1)
FNDA:0,(anonymous_2)
FNDA:0,(anonymous_3)
FNDA:0,(anonymous_4)
FNDA:0,(anonymous_5)
FNDA:0,(anonymous_6)
FNDA:0,(anonymous_7)
DA:31,0
DA:32,0
DA:34,0
DA:36,0
DA:38,0
DA:39,0
DA:40,0
DA:44,0
DA:45,0
DA:48,0
DA:50,0
DA:55,0
DA:71,0
DA:76,0
DA:77,0
LF:15
LH:0
BRF:0
BRH:0
end_of_record
TN:
SF:src/pages/Profile/index.tsx
FN:40,(anonymous_0)
FN:51,(anonymous_1)
FN:62,(anonymous_2)
FN:70,(anonymous_3)
FN:117,(anonymous_4)
FN:121,(anonymous_5)
FN:129,(anonymous_6)
FN:145,(anonymous_7)
FN:193,(anonymous_8)
FN:206,(anonymous_9)
FN:219,(anonymous_10)
FN:232,(anonymous_11)
FN:245,(anonymous_12)
FN:251,(anonymous_13)
FNF:14
FNH:0
FNDA:0,(anonymous_0)
FNDA:0,(anonymous_1)
FNDA:0,(anonymous_2)
FNDA:0,(anonymous_3)
FNDA:0,(anonymous_4)
FNDA:0,(anonymous_5)
FNDA:0,(anonymous_6)
FNDA:0,(anonymous_7)
FNDA:0,(anonymous_8)
FNDA:0,(anonymous_9)
FNDA:0,(anonymous_10)
FNDA:0,(anonymous_11)
FNDA:0,(anonymous_12)
FNDA:0,(anonymous_13)
DA:40,0
DA:41,0
DA:42,0
DA:44,0
DA:45,0
DA:46,0
DA:47,0
DA:48,0
DA:50,0
DA:52,0
DA:54,0
DA:55,0
DA:62,0
DA:70,0
DA:77,0
DA:81,0
DA:93,0
DA:95,0
DA:97,0
DA:99,0
DA:101,0
DA:102,0
DA:104,0
DA:106,0
DA:108,0
DA:117,0
DA:118,0
DA:121,0
DA:122,0
DA:130,0
DA:131,0
DA:133,0
DA:134,0
DA:135,0
DA:137,0
DA:139,0
DA:145,0
DA:146,0
DA:152,0
DA:194,0
DA:207,0
DA:220,0
DA:233,0
DA:246,0
DA:252,0
LF:45
LH:0
BRDA:84,0,0,0
BRDA:84,0,1,0
BRDA:101,1,0,0
BRDA:101,1,1,0
BRDA:130,2,0,0
BRDA:130,2,1,0
BRDA:133,3,0,0
BRDA:133,3,1,0
BRDA:156,4,0,0
BRDA:156,4,1,0
BRF:10
BRH:0
end_of_record
TN:
SF:src/pages/Signin/index.tsx
FN:39,(anonymous_0)
FN:47,(anonymous_1)
FN:113,(anonymous_2)
FN:125,(anonymous_3)
FN:131,(anonymous_4)
FN:140,(anonymous_5)
FN:151,(anonymous_6)
FNF:7
FNH:1
FNDA:1,(anonymous_0)
FNDA:0,(anonymous_1)
FNDA:0,(anonymous_2)
FNDA:0,(anonymous_3)
FNDA:0,(anonymous_4)
FNDA:0,(anonymous_5)
FNDA:0,(anonymous_6)
DA:39,1
DA:40,1
DA:41,1
DA:42,1
DA:44,1
DA:45,1
DA:47,1
DA:48,0
DA:50,0
DA:51,0
DA:58,0
DA:62,0
DA:69,0
DA:70,0
DA:72,0
DA:74,0
DA:76,0
DA:83,1
DA:114,0
DA:126,0
DA:132,0
DA:141,0
DA:152,0
LF:23
LH:8
BRDA:69,0,0,0
BRDA:69,0,1,0
BRDA:87,1,0,1
BRDA:87,1,1,0
BRF:4
BRH:1
end_of_record
TN:
SF:src/pages/Signup/index.tsx
FN:33,(anonymous_0)
FN:41,(anonymous_1)
FN:111,(anonymous_2)
FN:124,(anonymous_3)
FN:136,(anonymous_4)
FN:142,(anonymous_5)
FN:154,(anonymous_6)
FNF:7
FNH:0
FNDA:0,(anonymous_0)
FNDA:0,(anonymous_1)
FNDA:0,(anonymous_2)
FNDA:0,(anonymous_3)
FNDA:0,(anonymous_4)
FNDA:0,(anonymous_5)
FNDA:0,(anonymous_6)
DA:33,0
DA:34,0
DA:36,0
DA:37,0
DA:38,0
DA:40,0
DA:42,0
DA:44,0
DA:45,0
DA:53,0
DA:57,0
DA:59,0
DA:64,0
DA:66,0
DA:67,0
DA:69,0
DA:71,0
DA:73,0
DA:82,0
DA:112,0
DA:125,0
DA:137,0
DA:143,0
DA:155,0
LF:24
LH:0
BRDA:66,0,0,0
BRDA:66,0,1,0
BRDA:86,1,0,0
BRDA:86,1,1,0
BRF:4
BRH:0
end_of_record
